// 重构日志: 11c2a496
// 重构日志: f4f570ad
// 重构日志: 891ea614
// 重构日志: 55f70956
// 同步 ID: dd1bf67e @ Sun Jul  5 13:11:21 UTC 2026
// 重构日志: e54c3f06
// 重构日志: f8847c39
// 同步 ID: fcd77717 @ Thu Jul  9 09:49:00 UTC 2026
// 重构日志: 1d4fab76
// 重构日志: d1660bf4
// 重构日志: 9ec073c4
// 同步 ID: b24aab06 @ Mon Jul 13 19:18:24 UTC 2026
// 同步 ID: b896d7b3 @ Tue Jul 14 17:40:45 UTC 2026
// 同步 ID: 3c3c30f4 @ Thu Jul 16 07:24:39 UTC 2026
// 重构日志: d2b0d336
// 重构日志: 6a2a9211
// 重构日志: 684a4e55
// 同步 ID: 1ca18b90 @ Tue Jul 21 08:38:45 UTC 2026
// 重构日志: 6279d053
// 同步 ID: d293c212 @ Thu Jul 23 09:00:59 UTC 2026
// 同步 ID: 5ed9e3f2 @ Thu Jul 23 15:48:42 UTC 2026
// 同步 ID: 1b9ea749 @ Fri Jul 24 05:28:23 UTC 2026
